<?xml version="1.0" encoding="UTF-8"?>
<!-- Generated by org.testng.reporters.JUnitReportReporter -->
<testsuite hostname="ADMIN-PC" name="artifact1.Class1" tests="2" failures="0" timestamp="19 Aug 2017 13:32:13 GMT" time="0.002" errors="0">
  <testcase name="myTestMethod3" time="0.001" classname="artifact1.Class1"/>
  <testcase name="myTestMethod4" time="0.001" classname="artifact1.Class1"/>
</testsuite> <!-- artifact1.Class1 -->
