<?xml version="1.0" encoding="UTF-8"?>
<!-- Generated by org.testng.reporters.JUnitReportReporter -->
<testsuite hostname="ADMIN-PC" name="artifact1.Class2" tests="3" failures="0" timestamp="19 Aug 2017 13:32:13 GMT" time="0.007" errors="0">
  <testcase name="mul1" time="0.001" classname="artifact1.Class2"/>
  <testcase name="sum1" time="0.000" classname="artifact1.Class2"/>
  <testcase name="Login1" time="0.006" classname="artifact1.Class2"/>
</testsuite> <!-- artifact1.Class2 -->
