<?xml version="1.0" encoding="UTF-8"?>
<!-- Generated by org.testng.reporters.JUnitReportReporter -->
<testsuite hostname="ADMIN-PC" name="artifact1.Class2" tests="3" failures="0" timestamp="19 Aug 2017 09:45:17 GMT" time="0.013" errors="0">
  <testcase name="mul1" time="0.002" classname="artifact1.Class2"/>
  <testcase name="sum1" time="0.003" classname="artifact1.Class2"/>
  <testcase name="Login1" time="0.008" classname="artifact1.Class2"/>
</testsuite> <!-- artifact1.Class2 -->
